<?xml version="1.0" encoding="UTF-8"?>
<!-- Generated by org.testng.reporters.JUnitXMLReporter -->
<testsuite ignored="0" hostname="DESKTOP-J7DL8HD" failures="0" tests="7" name="Default test" time="0.33" errors="0" timestamp="2022-06-03T11:55:13 IST">
  <testcase classname="useClasses.TestIncludeExcludeAndGroups" name="B" time="0.031"/>
  <testcase classname="useClasses.TestIncludeExcludeAndGroups" name="D" time="0.004"/>
  <testcase classname="useClasses.TestIncludeExcludeAndGroups" name="E" time="0.055"/>
  <testcase classname="useClasses.TestIncludeExcludeAndGroups" name="A" time="0.004"/>
  <testcase classname="useClasses.TestIncludeExcludeAndGroups" name="A" time="0.006"/>
  <testcase classname="useClasses.TestIncludeExcludeAndGroups" name="A" time="0.004"/>
  <testcase classname="useClasses.TestIncludeExcludeAndGroups" name="C" time="0.011"/>
</testsuite> <!-- Default test -->
