<?xml version="1.0" encoding="UTF-8"?>
<!-- Generated by org.testng.reporters.JUnitXMLReporter -->
<testsuite ignored="2" hostname="DESKTOP-J7DL8HD" failures="1" tests="12" name="BuyProduct" time="5.559" errors="0" timestamp="2022-06-09T07:28:08 IST">
  <testcase classname="useClasses.TestIncludeExcludeAndGroups" name="B" time="0.011"/>
  <testcase classname="useClasses.TestIncludeExcludeAndGroups" name="D" time="0.004"/>
  <testcase classname="useClasses.TestIncludeExcludeAndGroups" name="E" time="0.006"/>
  <testcase classname="useClasses.TestIncludeExcludeAndGroups" name="A" time="0.02"/>
  <testcase classname="useClasses.TestIncludeExcludeAndGroups" name="A" time="0.012"/>
  <testcase classname="useClasses.TestIncludeExcludeAndGroups" name="A" time="0.007"/>
  <testcase classname="useClasses.TestIncludeExcludeAndGroups" name="C" time="0.005"/>
  <testcase classname="useClasses.TNG_keywords" name="A" time="0.016">
    <failure type="java.lang.AssertionError" message="for fun">
      <![CDATA[java.lang.AssertionError: for fun
at useClasses.TNG_keywords.A(TNG_keywords.java:29)
at java.base/java.util.ArrayList.forEach(ArrayList.java:1511)
... Removed 28 stack frames]]>
    </failure>
  </testcase> <!-- A -->
  <testcase classname="useClasses.TNG_keywords" name="B" time="0.002"/>
  <testcase classname="useClasses.TNG_keywords" name="C" time="0.0">
    <skipped/>
  </testcase> <!-- C -->
  <testcase classname="useClasses.TNG_keywords" name="D" time="0.002"/>
  <testcase classname="useClasses.TNG_keywords" name="E" time="0.002"/>
  <testcase classname="utilityClasses.CommonExtentReporter" name="@AfterSuite flushReporter" time="0.0">
    <ignored/>
  </testcase> <!-- @AfterSuite flushReporter -->
  <testcase classname="utilityClasses.CommonExtentReporter" name="@BeforeSuite getExtentReporter" time="0.0">
    <ignored/>
  </testcase> <!-- @BeforeSuite getExtentReporter -->
</testsuite> <!-- BuyProduct -->
