<?xml version="1.0" encoding="UTF-8"?>
<!-- Generated by org.testng.reporters.JUnitXMLReporter -->
<testsuite ignored="2" hostname="DESKTOP-J7DL8HD" failures="1" tests="9" name="MultipleClassesReporting" time="125.479" errors="0" timestamp="2022-06-09T11:54:49 IST">
  <testcase classname="useClasses.Test_CheckLogin" name="checkProfile" time="2.054"/>
  <testcase classname="useClasses.Test_EtoE_BuyProduct" name="verifyUserCanLogin" time="20.922">
    <failure type="java.lang.AssertionError" message="Test_EtoE_BuyProduct:Profile name is mismatch expected [Himank] but found [More]">
      <![CDATA[java.lang.AssertionError: Test_EtoE_BuyProduct:Profile name is mismatch expected [Himank] but found [More]
at useClasses.Test_EtoE_BuyProduct.verifyUserCanLogin(Test_EtoE_BuyProduct.java:74)
at java.base/java.util.ArrayList.forEach(ArrayList.java:1511)
... Removed 32 stack frames]]>
    </failure>
  </testcase> <!-- verifyUserCanLogin -->
  <testcase classname="useClasses.Test_EtoE_BuyProduct" name="verifyUserCanSearcProduct" time="0.001">
    <skipped/>
  </testcase> <!-- verifyUserCanSearcProduct -->
  <testcase classname="useClasses.Test_EtoE_BuyProduct" name="verifyUserCanSelectProduct" time="0.0">
    <skipped/>
  </testcase> <!-- verifyUserCanSelectProduct -->
  <testcase classname="useClasses.Test_EtoE_BuyProduct" name="verifyUserCanAddProductToCat" time="0.0">
    <skipped/>
  </testcase> <!-- verifyUserCanAddProductToCat -->
  <testcase classname="useClasses.Test_EtoE_BuyProduct" name="verifyUserCanPlaceOrder" time="0.0">
    <skipped/>
  </testcase> <!-- verifyUserCanPlaceOrder -->
  <testcase classname="useClasses.Test_EtoE_BuyProduct" name="verifyUserCanSelectAddress" time="0.0">
    <skipped/>
  </testcase> <!-- verifyUserCanSelectAddress -->
  <testcase classname="useClasses.Test_EtoE_BuyProduct" name="verifyUserCanCheckOrderSummary" time="0.0">
    <skipped/>
  </testcase> <!-- verifyUserCanCheckOrderSummary -->
  <testcase classname="useClasses.Test_EtoE_BuyProduct" name="verifyUserCanConfirmOrderByCOD" time="0.0">
    <skipped/>
  </testcase> <!-- verifyUserCanConfirmOrderByCOD -->
  <testcase classname="utilityClasses.CommonExtentReporter" name="@AfterSuite flushReporter" time="0.0">
    <ignored/>
  </testcase> <!-- @AfterSuite flushReporter -->
  <testcase classname="utilityClasses.CommonExtentReporter" name="@BeforeSuite getExtentReporter" time="0.0">
    <ignored/>
  </testcase> <!-- @BeforeSuite getExtentReporter -->
</testsuite> <!-- MultipleClassesReporting -->
