<?xml version="1.0" encoding="UTF-8"?>
<!-- Generated by org.testng.reporters.JUnitXMLReporter -->
<testsuite ignored="6" hostname="DESKTOP-J7DL8HD" failures="0" tests="4" name="Test" time="0.185" errors="0" timestamp="2022-06-03T11:52:40 IST">
  <testcase classname="useClasses.TNG_keywords" name="B" time="0.024"/>
  <testcase classname="useClasses.TNG_keywords" name="A" time="0.002"/>
  <testcase classname="useClasses.TestIncludeExcludeAndGroups" name="D" time="0.002"/>
  <testcase classname="useClasses.TestIncludeExcludeAndGroups" name="E" time="0.002"/>
  <testcase classname="useClasses.TNG_keywords" name="E" time="0.0">
    <ignored/>
  </testcase> <!-- E -->
  <testcase classname="useClasses.TNG_keywords" name="C" time="0.0">
    <ignored/>
  </testcase> <!-- C -->
  <testcase classname="useClasses.TestIncludeExcludeAndGroups" name="A" time="0.0">
    <ignored/>
  </testcase> <!-- A -->
  <testcase classname="useClasses.TestIncludeExcludeAndGroups" name="B" time="0.0">
    <ignored/>
  </testcase> <!-- B -->
  <testcase classname="useClasses.TestIncludeExcludeAndGroups" name="C" time="0.0">
    <ignored/>
  </testcase> <!-- C -->
  <testcase classname="useClasses.TNG_keywords" name="D" time="0.0">
    <ignored/>
  </testcase> <!-- D -->
</testsuite> <!-- Test -->
