<?xml version="1.0" encoding="UTF-8"?>
<!-- Generated by org.testng.reporters.JUnitXMLReporter -->
<testsuite ignored="0" hostname="DESKTOP-J7DL8HD" failures="0" tests="5" name="Test" time="299.679" errors="0" timestamp="2022-06-10T17:03:22 IST">
  <testcase classname="useClasses.Test_CheckLogin" name="checkProfile" time="10.911"/>
  <testcase classname="useClasses.Test_CheckLogin" name="checkProfile" time="4.539"/>
  <testcase classname="useClasses.Test_CheckLogin" name="checkProfile" time="13.182"/>
  <testcase classname="useClasses.Test_CheckLogin" name="checkProfile" time="6.227"/>
  <testcase classname="useClasses.Test_CheckLogin" name="checkProfile" time="5.628"/>
</testsuite> <!-- Test -->
